<?xml version="1.0" encoding="UTF-8"?>
<testng-results ignored="0" total="2" passed="2" failed="0" skipped="0">
  <reporter-output>
  </reporter-output>
  <suite started-at="2021-08-30T15:44:25 IST" name="OpencartSuite" finished-at="2021-08-30T15:44:45 IST" duration-ms="19561">
    <groups>
      <group name="regression">
        <method signature="TC_001_AccountRegistration.test_accout_Registration()[pri:0, instance:TestCases.TC_001_AccountRegistration@cd3fee8]" name="test_accout_Registration" class="TestCases.TC_001_AccountRegistration"/>
      </group> <!-- regression -->
      <group name="sanity">
        <method signature="TC_002_Login.test_Login()[pri:0, instance:TestCases.TC_002_Login@3e2e18f2]" name="test_Login" class="TestCases.TC_002_Login"/>
      </group> <!-- sanity -->
      <group name="master">
        <method signature="TC_001_AccountRegistration.test_accout_Registration()[pri:0, instance:TestCases.TC_001_AccountRegistration@cd3fee8]" name="test_accout_Registration" class="TestCases.TC_001_AccountRegistration"/>
        <method signature="TC_002_Login.test_Login()[pri:0, instance:TestCases.TC_002_Login@3e2e18f2]" name="test_Login" class="TestCases.TC_002_Login"/>
      </group> <!-- master -->
    </groups>
    <test started-at="2021-08-30T15:44:25 IST" name="OpencartTests" finished-at="2021-08-30T15:44:45 IST" duration-ms="19561">
      <class name="TestCases.TC_002_Login">
        <test-method is-config="true" signature="setup(java.lang.String)[pri:0, instance:TestCases.TC_002_Login@3e2e18f2]" started-at="2021-08-30T15:44:37 IST" name="setup" finished-at="2021-08-30T15:44:38 IST" duration-ms="1095" status="PASS">
          <params>
            <param index="0">
              <value>
                <![CDATA[chrome]]>
              </value>
            </param>
          </params>
          <reporter-output>
          </reporter-output>
        </test-method> <!-- setup -->
        <test-method signature="test_Login()[pri:0, instance:TestCases.TC_002_Login@3e2e18f2]" started-at="2021-08-30T15:44:38 IST" name="test_Login" finished-at="2021-08-30T15:44:44 IST" duration-ms="5997" status="PASS">
          <reporter-output>
          </reporter-output>
        </test-method> <!-- test_Login -->
        <test-method is-config="true" signature="tearDown()[pri:0, instance:TestCases.TC_002_Login@3e2e18f2]" started-at="2021-08-30T15:44:44 IST" name="tearDown" finished-at="2021-08-30T15:44:45 IST" duration-ms="161" status="PASS">
          <reporter-output>
          </reporter-output>
        </test-method> <!-- tearDown -->
      </class> <!-- TestCases.TC_002_Login -->
      <class name="TestCases.TC_001_AccountRegistration">
        <test-method is-config="true" signature="setup(java.lang.String)[pri:0, instance:TestCases.TC_001_AccountRegistration@cd3fee8]" started-at="2021-08-30T15:44:25 IST" name="setup" finished-at="2021-08-30T15:44:29 IST" duration-ms="3832" status="PASS">
          <params>
            <param index="0">
              <value>
                <![CDATA[chrome]]>
              </value>
            </param>
          </params>
          <reporter-output>
          </reporter-output>
        </test-method> <!-- setup -->
        <test-method signature="test_accout_Registration()[pri:0, instance:TestCases.TC_001_AccountRegistration@cd3fee8]" started-at="2021-08-30T15:44:29 IST" name="test_accout_Registration" finished-at="2021-08-30T15:44:37 IST" duration-ms="7932" status="PASS">
          <reporter-output>
          </reporter-output>
        </test-method> <!-- test_accout_Registration -->
        <test-method is-config="true" signature="tearDown()[pri:0, instance:TestCases.TC_001_AccountRegistration@cd3fee8]" started-at="2021-08-30T15:44:37 IST" name="tearDown" finished-at="2021-08-30T15:44:37 IST" duration-ms="169" status="PASS">
          <reporter-output>
          </reporter-output>
        </test-method> <!-- tearDown -->
      </class> <!-- TestCases.TC_001_AccountRegistration -->
    </test> <!-- OpencartTests -->
  </suite> <!-- OpencartSuite -->
</testng-results>
