<?xml version="1.0" encoding="UTF-8"?>
<testng-results ignored="0" total="1" passed="1" failed="0" skipped="0">
  <reporter-output>
  </reporter-output>
  <suite started-at="2021-08-28T23:25:30 IST" name="Failed suite [OpencartSuite]" finished-at="2021-08-28T23:25:41 IST" duration-ms="10191">
    <groups>
      <group name="regression">
        <method signature="TC_001_AccountRegistration.test_accout_Registration()[pri:0, instance:TestCases.TC_001_AccountRegistration@4fb61f4a]" name="test_accout_Registration" class="TestCases.TC_001_AccountRegistration"/>
      </group> <!-- regression -->
      <group name="master">
        <method signature="TC_001_AccountRegistration.test_accout_Registration()[pri:0, instance:TestCases.TC_001_AccountRegistration@4fb61f4a]" name="test_accout_Registration" class="TestCases.TC_001_AccountRegistration"/>
      </group> <!-- master -->
    </groups>
    <test started-at="2021-08-28T23:25:30 IST" name="OpencartTests(failed)" finished-at="2021-08-28T23:25:41 IST" duration-ms="10191">
      <class name="TestCases.TC_001_AccountRegistration">
        <test-method is-config="true" signature="setup(java.lang.String)[pri:0, instance:TestCases.TC_001_AccountRegistration@4fb61f4a]" started-at="2021-08-28T23:25:31 IST" name="setup" finished-at="2021-08-28T23:25:34 IST" duration-ms="3317" status="PASS">
          <params>
            <param index="0">
              <value>
                <![CDATA[chrome]]>
              </value>
            </param>
          </params>
          <reporter-output>
          </reporter-output>
        </test-method> <!-- setup -->
        <test-method signature="test_accout_Registration()[pri:0, instance:TestCases.TC_001_AccountRegistration@4fb61f4a]" started-at="2021-08-28T23:25:34 IST" name="test_accout_Registration" finished-at="2021-08-28T23:25:40 IST" duration-ms="6188" status="PASS">
          <reporter-output>
          </reporter-output>
        </test-method> <!-- test_accout_Registration -->
        <test-method is-config="true" signature="tearDown()[pri:0, instance:TestCases.TC_001_AccountRegistration@4fb61f4a]" started-at="2021-08-28T23:25:40 IST" name="tearDown" finished-at="2021-08-28T23:25:41 IST" duration-ms="282" status="PASS">
          <reporter-output>
          </reporter-output>
        </test-method> <!-- tearDown -->
      </class> <!-- TestCases.TC_001_AccountRegistration -->
    </test> <!-- OpencartTests(failed) -->
  </suite> <!-- Failed suite [OpencartSuite] -->
</testng-results>
